{"/var/www/html/rovercore-transfer/rovercore-s/modules/Cortex.js":{"path":"/var/www/html/rovercore-transfer/rovercore-s/modules/Cortex.js","s":{"1":1,"2":1,"3":1,"4":1,"5":1,"6":1,"7":1,"8":1,"9":1,"10":1,"11":1,"12":1,"13":1,"14":1,"15":1,"16":1,"17":1,"18":1,"19":1,"20":1,"21":1,"22":7,"23":7,"24":7,"25":0,"26":7,"27":0,"28":0,"29":1,"30":0,"31":0,"32":0,"33":1,"34":3,"35":23,"36":23,"37":32,"38":9,"39":23,"40":23,"41":3,"42":1,"43":1,"44":1,"45":1,"46":1,"47":1,"48":1,"49":0,"50":1,"51":1,"52":99,"53":99,"54":10,"55":10,"56":10,"57":10,"58":10,"59":10,"60":10,"61":0,"62":0,"63":0,"64":0,"65":99,"66":99,"67":99,"68":1,"69":1,"70":98,"71":8,"72":8,"73":99,"74":9,"75":0,"76":0,"77":0,"78":0,"79":0,"80":0,"81":0,"82":0,"83":0,"84":0,"85":0,"86":0,"87":0,"88":99,"89":99,"90":99,"91":26,"92":3,"93":3,"94":1,"95":1,"96":1,"97":1,"98":1,"99":1,"100":6,"101":3,"102":3,"103":3,"104":3,"105":3,"106":0,"107":0,"108":0,"109":0,"110":0,"111":0,"112":1,"113":1,"114":1,"115":1,"116":1,"117":1,"118":1,"119":1,"120":1,"121":1,"122":0,"123":1,"124":1,"125":1,"126":1,"127":4,"128":1,"129":1,"130":1,"131":1,"132":1,"133":1,"134":0,"135":0,"136":1,"137":1,"138":1,"139":0,"140":1,"141":1,"142":1},"b":{"1":[1,1],"2":[7,0],"3":[7,7],"4":[0,7],"5":[9,23],"6":[0,1],"7":[10,0],"8":[1,98],"9":[8,90],"10":[9,90],"11":[0,0],"12":[0,0],"13":[0,0],"14":[26,73],"15":[99,26],"16":[1,1,1],"17":[3,1,2,3,0,0,0],"18":[0,1],"19":[1,0],"20":[0,1],"21":[0,1]},"f":{"1":1,"2":3,"3":23,"4":10,"5":99,"6":0,"7":0,"8":0,"9":0,"10":99,"11":3,"12":6,"13":1,"14":1,"15":1,"16":4,"17":1},"fnMap":{"1":{"name":"(anonymous_1)","line":5,"loc":{"start":{"line":5,"column":12},"end":{"line":6,"column":1}}},"2":{"name":"(anonymous_2)","line":68,"loc":{"start":{"line":68,"column":28},"end":{"line":69,"column":2}}},"3":{"name":"(anonymous_3)","line":70,"loc":{"start":{"line":70,"column":14},"end":{"line":71,"column":6}}},"4":{"name":"(anonymous_4)","line":123,"loc":{"start":{"line":123,"column":19},"end":{"line":124,"column":1}}},"5":{"name":"(anonymous_5)","line":149,"loc":{"start":{"line":149,"column":15},"end":{"line":150,"column":1}}},"6":{"name":"(anonymous_6)","line":178,"loc":{"start":{"line":178,"column":20},"end":{"line":179,"column":1}}},"7":{"name":"(anonymous_7)","line":186,"loc":{"start":{"line":186,"column":16},"end":{"line":187,"column":1}}},"8":{"name":"(anonymous_8)","line":199,"loc":{"start":{"line":199,"column":13},"end":{"line":200,"column":1}}},"9":{"name":"(anonymous_9)","line":206,"loc":{"start":{"line":206,"column":21},"end":{"line":207,"column":1}}},"10":{"name":"(anonymous_10)","line":247,"loc":{"start":{"line":247,"column":17},"end":{"line":248,"column":1}}},"11":{"name":"(anonymous_11)","line":258,"loc":{"start":{"line":258,"column":15},"end":{"line":259,"column":1}}},"12":{"name":"(anonymous_12)","line":277,"loc":{"start":{"line":277,"column":7},"end":{"line":278,"column":1}}},"13":{"name":"(anonymous_13)","line":305,"loc":{"start":{"line":305,"column":9},"end":{"line":306,"column":1}}},"14":{"name":"(anonymous_14)","line":341,"loc":{"start":{"line":341,"column":10},"end":{"line":342,"column":1}}},"15":{"name":"getDirectories","line":346,"loc":{"start":{"line":346,"column":2},"end":{"line":347,"column":2}}},"16":{"name":"(anonymous_16)","line":348,"loc":{"start":{"line":348,"column":41},"end":{"line":349,"column":3}}},"17":{"name":"(anonymous_17)","line":360,"loc":{"start":{"line":360,"column":30},"end":{"line":361,"column":3}}}},"statementMap":{"1":{"start":{"line":7,"column":2},"end":{"line":7,"column":38}},"2":{"start":{"line":8,"column":2},"end":{"line":8,"column":23}},"3":{"start":{"line":9,"column":2},"end":{"line":9,"column":21}},"4":{"start":{"line":10,"column":2},"end":{"line":10,"column":34}},"5":{"start":{"line":11,"column":2},"end":{"line":11,"column":44}},"6":{"start":{"line":12,"column":2},"end":{"line":12,"column":23}},"7":{"start":{"line":13,"column":2},"end":{"line":13,"column":38}},"8":{"start":{"line":14,"column":2},"end":{"line":14,"column":21}},"9":{"start":{"line":15,"column":2},"end":{"line":15,"column":34}},"10":{"start":{"line":16,"column":2},"end":{"line":16,"column":45}},"11":{"start":{"line":20,"column":2},"end":{"line":20,"column":33}},"12":{"start":{"line":21,"column":2},"end":{"line":21,"column":29}},"13":{"start":{"line":22,"column":2},"end":{"line":22,"column":55}},"14":{"start":{"line":23,"column":2},"end":{"line":23,"column":35}},"15":{"start":{"line":24,"column":2},"end":{"line":24,"column":65}},"16":{"start":{"line":26,"column":2},"end":{"line":26,"column":22}},"17":{"start":{"line":28,"column":2},"end":{"line":28,"column":64}},"18":{"start":{"line":29,"column":2},"end":{"line":64,"column":5}},"19":{"start":{"line":31,"column":3},"end":{"line":31,"column":62}},"20":{"start":{"line":32,"column":3},"end":{"line":32,"column":46}},"21":{"start":{"line":33,"column":3},"end":{"line":57,"column":6}},"22":{"start":{"line":35,"column":4},"end":{"line":56,"column":5}},"23":{"start":{"line":37,"column":5},"end":{"line":51,"column":6}},"24":{"start":{"line":39,"column":6},"end":{"line":46,"column":7}},"25":{"start":{"line":41,"column":7},"end":{"line":41,"column":57}},"26":{"start":{"line":45,"column":7},"end":{"line":45,"column":44}},"27":{"start":{"line":50,"column":6},"end":{"line":50,"column":100}},"28":{"start":{"line":55,"column":5},"end":{"line":55,"column":67}},"29":{"start":{"line":58,"column":3},"end":{"line":63,"column":6}},"30":{"start":{"line":60,"column":4},"end":{"line":60,"column":54}},"31":{"start":{"line":61,"column":4},"end":{"line":61,"column":47}},"32":{"start":{"line":62,"column":4},"end":{"line":62,"column":51}},"33":{"start":{"line":68,"column":2},"end":{"line":93,"column":4}},"34":{"start":{"line":70,"column":6},"end":{"line":90,"column":8}},"35":{"start":{"line":72,"column":10},"end":{"line":72,"column":26}},"36":{"start":{"line":74,"column":10},"end":{"line":84,"column":11}},"37":{"start":{"line":76,"column":14},"end":{"line":83,"column":15}},"38":{"start":{"line":78,"column":18},"end":{"line":78,"column":62}},"39":{"start":{"line":82,"column":18},"end":{"line":82,"column":46}},"40":{"start":{"line":85,"column":10},"end":{"line":89,"column":13}},"41":{"start":{"line":92,"column":6},"end":{"line":92,"column":15}},"42":{"start":{"line":95,"column":2},"end":{"line":95,"column":53}},"43":{"start":{"line":99,"column":2},"end":{"line":99,"column":41}},"44":{"start":{"line":100,"column":2},"end":{"line":100,"column":44}},"45":{"start":{"line":101,"column":2},"end":{"line":101,"column":45}},"46":{"start":{"line":103,"column":2},"end":{"line":103,"column":64}},"47":{"start":{"line":104,"column":2},"end":{"line":104,"column":64}},"48":{"start":{"line":106,"column":2},"end":{"line":109,"column":3}},"49":{"start":{"line":108,"column":3},"end":{"line":108,"column":65}},"50":{"start":{"line":113,"column":2},"end":{"line":113,"column":35}},"51":{"start":{"line":117,"column":2},"end":{"line":121,"column":10}},"52":{"start":{"line":119,"column":3},"end":{"line":119,"column":27}},"53":{"start":{"line":120,"column":3},"end":{"line":120,"column":25}},"54":{"start":{"line":125,"column":2},"end":{"line":125,"column":24}},"55":{"start":{"line":126,"column":2},"end":{"line":126,"column":30}},"56":{"start":{"line":127,"column":2},"end":{"line":147,"column":3}},"57":{"start":{"line":129,"column":3},"end":{"line":142,"column":6}},"58":{"start":{"line":131,"column":4},"end":{"line":141,"column":5}},"59":{"start":{"line":133,"column":5},"end":{"line":133,"column":55}},"60":{"start":{"line":134,"column":5},"end":{"line":134,"column":51}},"61":{"start":{"line":138,"column":5},"end":{"line":138,"column":38}},"62":{"start":{"line":139,"column":5},"end":{"line":139,"column":26}},"63":{"start":{"line":140,"column":5},"end":{"line":140,"column":24}},"64":{"start":{"line":146,"column":3},"end":{"line":146,"column":67}},"65":{"start":{"line":151,"column":2},"end":{"line":151,"column":26}},"66":{"start":{"line":152,"column":2},"end":{"line":168,"column":3}},"67":{"start":{"line":154,"column":3},"end":{"line":167,"column":4}},"68":{"start":{"line":156,"column":4},"end":{"line":158,"column":6}},"69":{"start":{"line":159,"column":4},"end":{"line":159,"column":23}},"70":{"start":{"line":161,"column":8},"end":{"line":167,"column":4}},"71":{"start":{"line":163,"column":4},"end":{"line":165,"column":6}},"72":{"start":{"line":166,"column":4},"end":{"line":166,"column":23}},"73":{"start":{"line":169,"column":2},"end":{"line":175,"column":3}},"74":{"start":{"line":171,"column":3},"end":{"line":174,"column":6}},"75":{"start":{"line":180,"column":2},"end":{"line":183,"column":5}},"76":{"start":{"line":188,"column":2},"end":{"line":196,"column":3}},"77":{"start":{"line":190,"column":3},"end":{"line":195,"column":4}},"78":{"start":{"line":192,"column":4},"end":{"line":192,"column":60}},"79":{"start":{"line":193,"column":4},"end":{"line":193,"column":46}},"80":{"start":{"line":194,"column":4},"end":{"line":194,"column":10}},"81":{"start":{"line":201,"column":2},"end":{"line":201,"column":55}},"82":{"start":{"line":202,"column":2},"end":{"line":202,"column":50}},"83":{"start":{"line":208,"column":2},"end":{"line":215,"column":3}},"84":{"start":{"line":210,"column":3},"end":{"line":210,"column":31}},"85":{"start":{"line":212,"column":7},"end":{"line":215,"column":3}},"86":{"start":{"line":214,"column":3},"end":{"line":214,"column":48}},"87":{"start":{"line":216,"column":2},"end":{"line":216,"column":29}},"88":{"start":{"line":249,"column":2},"end":{"line":256,"column":3}},"89":{"start":{"line":251,"column":3},"end":{"line":251,"column":61}},"90":{"start":{"line":252,"column":3},"end":{"line":255,"column":4}},"91":{"start":{"line":254,"column":4},"end":{"line":254,"column":32}},"92":{"start":{"line":260,"column":2},"end":{"line":274,"column":3}},"93":{"start":{"line":262,"column":3},"end":{"line":273,"column":4}},"94":{"start":{"line":265,"column":5},"end":{"line":265,"column":33}},"95":{"start":{"line":266,"column":5},"end":{"line":266,"column":11}},"96":{"start":{"line":268,"column":5},"end":{"line":268,"column":33}},"97":{"start":{"line":269,"column":5},"end":{"line":269,"column":11}},"98":{"start":{"line":271,"column":5},"end":{"line":271,"column":35}},"99":{"start":{"line":272,"column":5},"end":{"line":272,"column":11}},"100":{"start":{"line":279,"column":2},"end":{"line":303,"column":3}},"101":{"start":{"line":282,"column":4},"end":{"line":282,"column":49}},"102":{"start":{"line":283,"column":4},"end":{"line":286,"column":11}},"103":{"start":{"line":287,"column":4},"end":{"line":287,"column":10}},"104":{"start":{"line":291,"column":4},"end":{"line":291,"column":40}},"105":{"start":{"line":292,"column":4},"end":{"line":292,"column":10}},"106":{"start":{"line":294,"column":4},"end":{"line":294,"column":40}},"107":{"start":{"line":295,"column":4},"end":{"line":295,"column":10}},"108":{"start":{"line":297,"column":4},"end":{"line":297,"column":31}},"109":{"start":{"line":298,"column":4},"end":{"line":298,"column":10}},"110":{"start":{"line":301,"column":4},"end":{"line":301,"column":20}},"111":{"start":{"line":302,"column":4},"end":{"line":302,"column":10}},"112":{"start":{"line":307,"column":2},"end":{"line":339,"column":3}},"113":{"start":{"line":310,"column":3},"end":{"line":310,"column":51}},"114":{"start":{"line":312,"column":3},"end":{"line":312,"column":64}},"115":{"start":{"line":314,"column":3},"end":{"line":314,"column":88}},"116":{"start":{"line":316,"column":3},"end":{"line":316,"column":28}},"117":{"start":{"line":317,"column":3},"end":{"line":324,"column":5}},"118":{"start":{"line":326,"column":3},"end":{"line":326,"column":42}},"119":{"start":{"line":329,"column":3},"end":{"line":329,"column":24}},"120":{"start":{"line":331,"column":3},"end":{"line":331,"column":60}},"121":{"start":{"line":333,"column":3},"end":{"line":333,"column":17}},"122":{"start":{"line":338,"column":3},"end":{"line":338,"column":58}},"123":{"start":{"line":343,"column":2},"end":{"line":343,"column":25}},"124":{"start":{"line":344,"column":2},"end":{"line":344,"column":29}},"125":{"start":{"line":346,"column":2},"end":{"line":352,"column":3}},"126":{"start":{"line":348,"column":3},"end":{"line":351,"column":6}},"127":{"start":{"line":350,"column":4},"end":{"line":350,"column":63}},"128":{"start":{"line":353,"column":2},"end":{"line":353,"column":44}},"129":{"start":{"line":355,"column":2},"end":{"line":364,"column":3}},"130":{"start":{"line":357,"column":3},"end":{"line":357,"column":53}},"131":{"start":{"line":360,"column":3},"end":{"line":363,"column":6}},"132":{"start":{"line":362,"column":4},"end":{"line":362,"column":37}},"133":{"start":{"line":365,"column":2},"end":{"line":369,"column":3}},"134":{"start":{"line":367,"column":3},"end":{"line":367,"column":58}},"135":{"start":{"line":368,"column":3},"end":{"line":368,"column":18}},"136":{"start":{"line":370,"column":2},"end":{"line":378,"column":3}},"137":{"start":{"line":372,"column":3},"end":{"line":372,"column":40}},"138":{"start":{"line":374,"column":3},"end":{"line":374,"column":48}},"139":{"start":{"line":374,"column":37},"end":{"line":374,"column":46}},"140":{"start":{"line":375,"column":3},"end":{"line":375,"column":38}},"141":{"start":{"line":377,"column":3},"end":{"line":377,"column":50}},"142":{"start":{"line":382,"column":0},"end":{"line":382,"column":24}}},"branchMap":{"1":{"line":16,"type":"binary-expr","locations":[{"start":{"line":16,"column":21},"end":{"line":16,"column":39}},{"start":{"line":16,"column":43},"end":{"line":16,"column":44}}]},"2":{"line":37,"type":"if","locations":[{"start":{"line":37,"column":5},"end":{"line":37,"column":5}},{"start":{"line":37,"column":5},"end":{"line":37,"column":5}}]},"3":{"line":37,"type":"binary-expr","locations":[{"start":{"line":37,"column":8},"end":{"line":37,"column":24}},{"start":{"line":37,"column":28},"end":{"line":37,"column":45}}]},"4":{"line":39,"type":"if","locations":[{"start":{"line":39,"column":6},"end":{"line":39,"column":6}},{"start":{"line":39,"column":6},"end":{"line":39,"column":6}}]},"5":{"line":76,"type":"if","locations":[{"start":{"line":76,"column":14},"end":{"line":76,"column":14}},{"start":{"line":76,"column":14},"end":{"line":76,"column":14}}]},"6":{"line":106,"type":"if","locations":[{"start":{"line":106,"column":2},"end":{"line":106,"column":2}},{"start":{"line":106,"column":2},"end":{"line":106,"column":2}}]},"7":{"line":127,"type":"if","locations":[{"start":{"line":127,"column":2},"end":{"line":127,"column":2}},{"start":{"line":127,"column":2},"end":{"line":127,"column":2}}]},"8":{"line":154,"type":"if","locations":[{"start":{"line":154,"column":3},"end":{"line":154,"column":3}},{"start":{"line":154,"column":3},"end":{"line":154,"column":3}}]},"9":{"line":161,"type":"if","locations":[{"start":{"line":161,"column":8},"end":{"line":161,"column":8}},{"start":{"line":161,"column":8},"end":{"line":161,"column":8}}]},"10":{"line":169,"type":"if","locations":[{"start":{"line":169,"column":2},"end":{"line":169,"column":2}},{"start":{"line":169,"column":2},"end":{"line":169,"column":2}}]},"11":{"line":190,"type":"if","locations":[{"start":{"line":190,"column":3},"end":{"line":190,"column":3}},{"start":{"line":190,"column":3},"end":{"line":190,"column":3}}]},"12":{"line":208,"type":"if","locations":[{"start":{"line":208,"column":2},"end":{"line":208,"column":2}},{"start":{"line":208,"column":2},"end":{"line":208,"column":2}}]},"13":{"line":212,"type":"if","locations":[{"start":{"line":212,"column":7},"end":{"line":212,"column":7}},{"start":{"line":212,"column":7},"end":{"line":212,"column":7}}]},"14":{"line":252,"type":"if","locations":[{"start":{"line":252,"column":3},"end":{"line":252,"column":3}},{"start":{"line":252,"column":3},"end":{"line":252,"column":3}}]},"15":{"line":252,"type":"binary-expr","locations":[{"start":{"line":252,"column":6},"end":{"line":252,"column":50}},{"start":{"line":252,"column":54},"end":{"line":252,"column":95}}]},"16":{"line":262,"type":"switch","locations":[{"start":{"line":264,"column":4},"end":{"line":266,"column":11}},{"start":{"line":267,"column":4},"end":{"line":269,"column":11}},{"start":{"line":270,"column":4},"end":{"line":272,"column":11}}]},"17":{"line":279,"type":"switch","locations":[{"start":{"line":281,"column":3},"end":{"line":287,"column":10}},{"start":{"line":288,"column":3},"end":{"line":288,"column":18}},{"start":{"line":289,"column":3},"end":{"line":289,"column":20}},{"start":{"line":290,"column":3},"end":{"line":292,"column":10}},{"start":{"line":293,"column":3},"end":{"line":295,"column":10}},{"start":{"line":296,"column":3},"end":{"line":298,"column":10}},{"start":{"line":299,"column":3},"end":{"line":302,"column":10}}]},"18":{"line":314,"type":"cond-expr","locations":[{"start":{"line":314,"column":32},"end":{"line":314,"column":64}},{"start":{"line":314,"column":67},"end":{"line":314,"column":87}}]},"19":{"line":355,"type":"if","locations":[{"start":{"line":355,"column":2},"end":{"line":355,"column":2}},{"start":{"line":355,"column":2},"end":{"line":355,"column":2}}]},"20":{"line":365,"type":"if","locations":[{"start":{"line":365,"column":2},"end":{"line":365,"column":2}},{"start":{"line":365,"column":2},"end":{"line":365,"column":2}}]},"21":{"line":374,"type":"if","locations":[{"start":{"line":374,"column":3},"end":{"line":374,"column":3}},{"start":{"line":374,"column":3},"end":{"line":374,"column":3}}]}}},"/var/www/html/rovercore-transfer/rovercore-s/utilities/Log.js":{"path":"/var/www/html/rovercore-transfer/rovercore-s/utilities/Log.js","s":{"1":1,"2":1,"3":1,"4":13,"5":13,"6":0,"7":13,"8":13,"9":13,"10":35,"11":35,"12":35,"13":35,"14":35,"15":35,"16":35,"17":33,"18":0,"19":0,"20":0,"21":0,"22":10,"23":0,"24":0,"25":0,"26":0,"27":0,"28":0,"29":0,"30":14,"31":14,"32":1,"33":1,"34":1,"35":1,"36":1,"37":0,"38":1,"39":1,"40":1,"41":1,"42":1,"43":1,"44":1,"45":1,"46":1,"47":0,"48":1,"49":1,"50":1,"51":1,"52":3,"53":2,"54":2,"55":1,"56":1,"57":3,"58":2,"59":2,"60":1,"61":1},"b":{"1":[13,13],"2":[33,2],"3":[0,0],"4":[0,10],"5":[0,0],"6":[14,0],"7":[14,14],"8":[0,1],"9":[1,0],"10":[0,1],"11":[2,1],"12":[2,1]},"f":{"1":13,"2":35,"3":0,"4":10,"5":0,"6":14,"7":1,"8":1,"9":1,"10":1,"11":3,"12":3},"fnMap":{"1":{"name":"(anonymous_1)","line":9,"loc":{"start":{"line":9,"column":12},"end":{"line":10,"column":1}}},"2":{"name":"(anonymous_2)","line":20,"loc":{"start":{"line":20,"column":7},"end":{"line":21,"column":1}}},"3":{"name":"(anonymous_3)","line":38,"loc":{"start":{"line":38,"column":7},"end":{"line":39,"column":1}}},"4":{"name":"(anonymous_4)","line":47,"loc":{"start":{"line":47,"column":7},"end":{"line":48,"column":1}}},"5":{"name":"(anonymous_5)","line":56,"loc":{"start":{"line":56,"column":7},"end":{"line":57,"column":1}}},"6":{"name":"(anonymous_6)","line":65,"loc":{"start":{"line":65,"column":9},"end":{"line":66,"column":1}}},"7":{"name":"(anonymous_7)","line":76,"loc":{"start":{"line":76,"column":5},"end":{"line":77,"column":1}}},"8":{"name":"(anonymous_8)","line":81,"loc":{"start":{"line":81,"column":7},"end":{"line":82,"column":1}}},"9":{"name":"(anonymous_9)","line":90,"loc":{"start":{"line":90,"column":17},"end":{"line":91,"column":0}}},"10":{"name":"(anonymous_10)","line":106,"loc":{"start":{"line":106,"column":17},"end":{"line":107,"column":0}}},"11":{"name":"(anonymous_11)","line":125,"loc":{"start":{"line":125,"column":11},"end":{"line":126,"column":0}}},"12":{"name":"(anonymous_12)","line":136,"loc":{"start":{"line":136,"column":13},"end":{"line":137,"column":0}}}},"statementMap":{"1":{"start":{"line":3,"column":0},"end":{"line":3,"column":41}},"2":{"start":{"line":4,"column":0},"end":{"line":4,"column":36}},"3":{"start":{"line":5,"column":0},"end":{"line":5,"column":23}},"4":{"start":{"line":11,"column":2},"end":{"line":11,"column":28}},"5":{"start":{"line":12,"column":2},"end":{"line":12,"column":52}},"6":{"start":{"line":12,"column":32},"end":{"line":12,"column":49}},"7":{"start":{"line":13,"column":2},"end":{"line":13,"column":30}},"8":{"start":{"line":14,"column":2},"end":{"line":14,"column":38}},"9":{"start":{"line":17,"column":2},"end":{"line":17,"column":47}},"10":{"start":{"line":23,"column":2},"end":{"line":23,"column":59}},"11":{"start":{"line":24,"column":2},"end":{"line":24,"column":59}},"12":{"start":{"line":25,"column":2},"end":{"line":25,"column":75}},"13":{"start":{"line":27,"column":2},"end":{"line":27,"column":57}},"14":{"start":{"line":28,"column":2},"end":{"line":28,"column":45}},"15":{"start":{"line":30,"column":2},"end":{"line":30,"column":57}},"16":{"start":{"line":32,"column":2},"end":{"line":35,"column":3}},"17":{"start":{"line":34,"column":3},"end":{"line":34,"column":41}},"18":{"start":{"line":40,"column":2},"end":{"line":45,"column":3}},"19":{"start":{"line":42,"column":3},"end":{"line":42,"column":58}},"20":{"start":{"line":43,"column":3},"end":{"line":43,"column":38}},"21":{"start":{"line":44,"column":3},"end":{"line":44,"column":39}},"22":{"start":{"line":49,"column":2},"end":{"line":54,"column":3}},"23":{"start":{"line":51,"column":3},"end":{"line":51,"column":58}},"24":{"start":{"line":52,"column":3},"end":{"line":52,"column":38}},"25":{"start":{"line":53,"column":3},"end":{"line":53,"column":39}},"26":{"start":{"line":58,"column":2},"end":{"line":63,"column":3}},"27":{"start":{"line":60,"column":3},"end":{"line":60,"column":58}},"28":{"start":{"line":61,"column":3},"end":{"line":61,"column":38}},"29":{"start":{"line":62,"column":3},"end":{"line":62,"column":39}},"30":{"start":{"line":69,"column":2},"end":{"line":73,"column":3}},"31":{"start":{"line":72,"column":3},"end":{"line":72,"column":37}},"32":{"start":{"line":78,"column":2},"end":{"line":78,"column":46}},"33":{"start":{"line":83,"column":2},"end":{"line":83,"column":47}},"34":{"start":{"line":90,"column":0},"end":{"line":104,"column":2}},"35":{"start":{"line":92,"column":1},"end":{"line":92,"column":20}},"36":{"start":{"line":93,"column":1},"end":{"line":93,"column":48}},"37":{"start":{"line":93,"column":28},"end":{"line":93,"column":46}},"38":{"start":{"line":95,"column":1},"end":{"line":95,"column":84}},"39":{"start":{"line":97,"column":1},"end":{"line":97,"column":83}},"40":{"start":{"line":99,"column":1},"end":{"line":99,"column":57}},"41":{"start":{"line":101,"column":1},"end":{"line":101,"column":55}},"42":{"start":{"line":103,"column":1},"end":{"line":103,"column":60}},"43":{"start":{"line":106,"column":0},"end":{"line":116,"column":2}},"44":{"start":{"line":108,"column":1},"end":{"line":111,"column":2}},"45":{"start":{"line":110,"column":2},"end":{"line":110,"column":33}},"46":{"start":{"line":112,"column":1},"end":{"line":115,"column":2}},"47":{"start":{"line":114,"column":2},"end":{"line":114,"column":32}},"48":{"start":{"line":118,"column":0},"end":{"line":118,"column":27}},"49":{"start":{"line":121,"column":0},"end":{"line":121,"column":17}},"50":{"start":{"line":123,"column":0},"end":{"line":123,"column":16}},"51":{"start":{"line":125,"column":0},"end":{"line":134,"column":2}},"52":{"start":{"line":128,"column":1},"end":{"line":132,"column":2}},"53":{"start":{"line":130,"column":2},"end":{"line":130,"column":33}},"54":{"start":{"line":131,"column":2},"end":{"line":131,"column":14}},"55":{"start":{"line":133,"column":1},"end":{"line":133,"column":14}},"56":{"start":{"line":136,"column":0},"end":{"line":145,"column":2}},"57":{"start":{"line":139,"column":1},"end":{"line":143,"column":2}},"58":{"start":{"line":141,"column":2},"end":{"line":141,"column":34}},"59":{"start":{"line":142,"column":2},"end":{"line":142,"column":14}},"60":{"start":{"line":144,"column":1},"end":{"line":144,"column":14}},"61":{"start":{"line":147,"column":0},"end":{"line":147,"column":21}}},"branchMap":{"1":{"line":14,"type":"binary-expr","locations":[{"start":{"line":14,"column":21},"end":{"line":14,"column":32}},{"start":{"line":14,"column":36},"end":{"line":14,"column":37}}]},"2":{"line":32,"type":"if","locations":[{"start":{"line":32,"column":2},"end":{"line":32,"column":2}},{"start":{"line":32,"column":2},"end":{"line":32,"column":2}}]},"3":{"line":40,"type":"if","locations":[{"start":{"line":40,"column":2},"end":{"line":40,"column":2}},{"start":{"line":40,"column":2},"end":{"line":40,"column":2}}]},"4":{"line":49,"type":"if","locations":[{"start":{"line":49,"column":2},"end":{"line":49,"column":2}},{"start":{"line":49,"column":2},"end":{"line":49,"column":2}}]},"5":{"line":58,"type":"if","locations":[{"start":{"line":58,"column":2},"end":{"line":58,"column":2}},{"start":{"line":58,"column":2},"end":{"line":58,"column":2}}]},"6":{"line":69,"type":"if","locations":[{"start":{"line":69,"column":2},"end":{"line":69,"column":2}},{"start":{"line":69,"column":2},"end":{"line":69,"column":2}}]},"7":{"line":69,"type":"binary-expr","locations":[{"start":{"line":69,"column":5},"end":{"line":69,"column":47}},{"start":{"line":70,"column":3},"end":{"line":70,"column":43}}]},"8":{"line":93,"type":"if","locations":[{"start":{"line":93,"column":1},"end":{"line":93,"column":1}},{"start":{"line":93,"column":1},"end":{"line":93,"column":1}}]},"9":{"line":108,"type":"if","locations":[{"start":{"line":108,"column":1},"end":{"line":108,"column":1}},{"start":{"line":108,"column":1},"end":{"line":108,"column":1}}]},"10":{"line":112,"type":"if","locations":[{"start":{"line":112,"column":1},"end":{"line":112,"column":1}},{"start":{"line":112,"column":1},"end":{"line":112,"column":1}}]},"11":{"line":128,"type":"if","locations":[{"start":{"line":128,"column":1},"end":{"line":128,"column":1}},{"start":{"line":128,"column":1},"end":{"line":128,"column":1}}]},"12":{"line":139,"type":"if","locations":[{"start":{"line":139,"column":1},"end":{"line":139,"column":1}},{"start":{"line":139,"column":1},"end":{"line":139,"column":1}}]}}},"/var/www/html/rovercore-transfer/rovercore-s/utilities/Model.js":{"path":"/var/www/html/rovercore-transfer/rovercore-s/utilities/Model.js","s":{"1":4,"2":4,"3":4,"4":32,"5":11,"6":11,"7":17,"8":17,"9":17,"10":17,"11":17,"12":17,"13":0,"14":4,"15":4,"16":0,"17":3,"18":1,"19":2,"20":2,"21":4,"22":1,"23":2,"24":1},"b":{"1":[17,0],"2":[4,0],"3":[1,2],"4":[3,3],"5":[1,3]},"f":{"1":4,"2":32,"3":11,"4":17,"5":4,"6":3},"fnMap":{"1":{"name":"(anonymous_1)","line":14,"loc":{"start":{"line":14,"column":15},"end":{"line":15,"column":4}}},"2":{"name":"(anonymous_2)","line":21,"loc":{"start":{"line":21,"column":15},"end":{"line":22,"column":4}}},"3":{"name":"(anonymous_3)","line":25,"loc":{"start":{"line":25,"column":18},"end":{"line":26,"column":4}}},"4":{"name":"(anonymous_4)","line":33,"loc":{"start":{"line":33,"column":7},"end":{"line":34,"column":4}}},"5":{"name":"(anonymous_5)","line":56,"loc":{"start":{"line":56,"column":7},"end":{"line":57,"column":4}}},"6":{"name":"(anonymous_6)","line":67,"loc":{"start":{"line":67,"column":13},"end":{"line":68,"column":4}}}},"statementMap":{"1":{"start":{"line":17,"column":8},"end":{"line":17,"column":33}},"2":{"start":{"line":18,"column":8},"end":{"line":18,"column":40}},"3":{"start":{"line":19,"column":8},"end":{"line":19,"column":27}},"4":{"start":{"line":23,"column":8},"end":{"line":23,"column":40}},"5":{"start":{"line":27,"column":8},"end":{"line":30,"column":10}},"6":{"start":{"line":31,"column":8},"end":{"line":31,"column":20}},"7":{"start":{"line":35,"column":8},"end":{"line":54,"column":9}},"8":{"start":{"line":37,"column":12},"end":{"line":40,"column":14}},"9":{"start":{"line":42,"column":12},"end":{"line":44,"column":14}},"10":{"start":{"line":46,"column":12},"end":{"line":46,"column":53}},"11":{"start":{"line":48,"column":12},"end":{"line":48,"column":42}},"12":{"start":{"line":49,"column":12},"end":{"line":49,"column":24}},"13":{"start":{"line":53,"column":12},"end":{"line":53,"column":25}},"14":{"start":{"line":58,"column":8},"end":{"line":65,"column":9}},"15":{"start":{"line":60,"column":12},"end":{"line":60,"column":47}},"16":{"start":{"line":64,"column":12},"end":{"line":64,"column":25}},"17":{"start":{"line":69,"column":8},"end":{"line":85,"column":9}},"18":{"start":{"line":71,"column":12},"end":{"line":71,"column":33}},"19":{"start":{"line":75,"column":12},"end":{"line":75,"column":37}},"20":{"start":{"line":76,"column":12},"end":{"line":83,"column":13}},"21":{"start":{"line":78,"column":16},"end":{"line":82,"column":17}},"22":{"start":{"line":81,"column":20},"end":{"line":81,"column":68}},"23":{"start":{"line":84,"column":12},"end":{"line":84,"column":35}},"24":{"start":{"line":89,"column":0},"end":{"line":89,"column":23}}},"branchMap":{"1":{"line":35,"type":"if","locations":[{"start":{"line":35,"column":8},"end":{"line":35,"column":8}},{"start":{"line":35,"column":8},"end":{"line":35,"column":8}}]},"2":{"line":58,"type":"if","locations":[{"start":{"line":58,"column":8},"end":{"line":58,"column":8}},{"start":{"line":58,"column":8},"end":{"line":58,"column":8}}]},"3":{"line":69,"type":"if","locations":[{"start":{"line":69,"column":8},"end":{"line":69,"column":8}},{"start":{"line":69,"column":8},"end":{"line":69,"column":8}}]},"4":{"line":69,"type":"binary-expr","locations":[{"start":{"line":69,"column":12},"end":{"line":69,"column":44}},{"start":{"line":69,"column":48},"end":{"line":69,"column":63}}]},"5":{"line":78,"type":"if","locations":[{"start":{"line":78,"column":16},"end":{"line":78,"column":16}},{"start":{"line":78,"column":16},"end":{"line":78,"column":16}}]}}},"/var/www/html/rovercore-transfer/rovercore-s/modules/Neuron.js":{"path":"/var/www/html/rovercore-transfer/rovercore-s/modules/Neuron.js","s":{"1":4,"2":1,"3":3,"4":3,"5":3,"6":3,"7":3,"8":3,"9":4,"10":1,"11":3,"12":3,"13":3,"14":3,"15":5,"16":1,"17":4,"18":4,"19":4,"20":4,"21":14,"22":1,"23":13,"24":2,"25":11,"26":1,"27":1,"28":1,"29":10,"30":10,"31":28,"32":1,"33":27,"34":3,"35":3,"36":3,"37":24,"38":1,"39":1,"40":1,"41":1,"42":1},"b":{"1":[1,3],"2":[4,4,4],"3":[1,3],"4":[3,0],"5":[1,4],"6":[4,0],"7":[1,13],"8":[2,11],"9":[13,12],"10":[1,10],"11":[1,27],"12":[3,24]},"f":{"1":4,"2":4,"3":5,"4":14,"5":28},"fnMap":{"1":{"name":"(anonymous_1)","line":4,"loc":{"start":{"line":4,"column":12},"end":{"line":5,"column":1}}},"2":{"name":"(anonymous_2)","line":19,"loc":{"start":{"line":19,"column":6},"end":{"line":20,"column":1}}},"3":{"name":"(anonymous_3)","line":36,"loc":{"start":{"line":36,"column":8},"end":{"line":37,"column":1}}},"4":{"name":"(anonymous_4)","line":53,"loc":{"start":{"line":53,"column":7},"end":{"line":54,"column":1}}},"5":{"name":"(anonymous_5)","line":75,"loc":{"start":{"line":75,"column":6},"end":{"line":76,"column":1}}}},"statementMap":{"1":{"start":{"line":6,"column":2},"end":{"line":11,"column":3}},"2":{"start":{"line":10,"column":3},"end":{"line":10,"column":16}},"3":{"start":{"line":12,"column":2},"end":{"line":12,"column":24}},"4":{"start":{"line":13,"column":2},"end":{"line":13,"column":32}},"5":{"start":{"line":14,"column":2},"end":{"line":14,"column":22}},"6":{"start":{"line":15,"column":2},"end":{"line":15,"column":23}},"7":{"start":{"line":16,"column":2},"end":{"line":16,"column":27}},"8":{"start":{"line":17,"column":2},"end":{"line":17,"column":25}},"9":{"start":{"line":21,"column":2},"end":{"line":34,"column":3}},"10":{"start":{"line":23,"column":3},"end":{"line":23,"column":18}},"11":{"start":{"line":28,"column":3},"end":{"line":28,"column":41}},"12":{"start":{"line":29,"column":3},"end":{"line":32,"column":4}},"13":{"start":{"line":31,"column":4},"end":{"line":31,"column":26}},"14":{"start":{"line":33,"column":3},"end":{"line":33,"column":30}},"15":{"start":{"line":38,"column":2},"end":{"line":51,"column":3}},"16":{"start":{"line":40,"column":3},"end":{"line":40,"column":18}},"17":{"start":{"line":45,"column":3},"end":{"line":45,"column":45}},"18":{"start":{"line":46,"column":3},"end":{"line":49,"column":4}},"19":{"start":{"line":48,"column":4},"end":{"line":48,"column":27}},"20":{"start":{"line":50,"column":3},"end":{"line":50,"column":32}},"21":{"start":{"line":55,"column":2},"end":{"line":73,"column":3}},"22":{"start":{"line":57,"column":3},"end":{"line":57,"column":18}},"23":{"start":{"line":59,"column":7},"end":{"line":73,"column":3}},"24":{"start":{"line":61,"column":3},"end":{"line":61,"column":22}},"25":{"start":{"line":63,"column":7},"end":{"line":73,"column":3}},"26":{"start":{"line":65,"column":3},"end":{"line":65,"column":52}},"27":{"start":{"line":66,"column":3},"end":{"line":66,"column":50}},"28":{"start":{"line":67,"column":3},"end":{"line":67,"column":22}},"29":{"start":{"line":71,"column":3},"end":{"line":71,"column":26}},"30":{"start":{"line":72,"column":3},"end":{"line":72,"column":28}},"31":{"start":{"line":77,"column":2},"end":{"line":91,"column":3}},"32":{"start":{"line":79,"column":3},"end":{"line":79,"column":18}},"33":{"start":{"line":84,"column":3},"end":{"line":89,"column":4}},"34":{"start":{"line":86,"column":4},"end":{"line":86,"column":42}},"35":{"start":{"line":87,"column":4},"end":{"line":87,"column":26}},"36":{"start":{"line":88,"column":4},"end":{"line":88,"column":31}},"37":{"start":{"line":90,"column":3},"end":{"line":90,"column":16}},"38":{"start":{"line":95,"column":0},"end":{"line":95,"column":34}},"39":{"start":{"line":96,"column":0},"end":{"line":96,"column":36}},"40":{"start":{"line":97,"column":0},"end":{"line":97,"column":35}},"41":{"start":{"line":98,"column":0},"end":{"line":98,"column":34}},"42":{"start":{"line":100,"column":0},"end":{"line":100,"column":24}}},"branchMap":{"1":{"line":6,"type":"if","locations":[{"start":{"line":6,"column":2},"end":{"line":6,"column":2}},{"start":{"line":6,"column":2},"end":{"line":6,"column":2}}]},"2":{"line":6,"type":"binary-expr","locations":[{"start":{"line":6,"column":6},"end":{"line":6,"column":35}},{"start":{"line":7,"column":3},"end":{"line":7,"column":38}},{"start":{"line":8,"column":3},"end":{"line":8,"column":33}}]},"3":{"line":21,"type":"if","locations":[{"start":{"line":21,"column":2},"end":{"line":21,"column":2}},{"start":{"line":21,"column":2},"end":{"line":21,"column":2}}]},"4":{"line":29,"type":"if","locations":[{"start":{"line":29,"column":3},"end":{"line":29,"column":3}},{"start":{"line":29,"column":3},"end":{"line":29,"column":3}}]},"5":{"line":38,"type":"if","locations":[{"start":{"line":38,"column":2},"end":{"line":38,"column":2}},{"start":{"line":38,"column":2},"end":{"line":38,"column":2}}]},"6":{"line":46,"type":"if","locations":[{"start":{"line":46,"column":3},"end":{"line":46,"column":3}},{"start":{"line":46,"column":3},"end":{"line":46,"column":3}}]},"7":{"line":55,"type":"if","locations":[{"start":{"line":55,"column":2},"end":{"line":55,"column":2}},{"start":{"line":55,"column":2},"end":{"line":55,"column":2}}]},"8":{"line":59,"type":"if","locations":[{"start":{"line":59,"column":7},"end":{"line":59,"column":7}},{"start":{"line":59,"column":7},"end":{"line":59,"column":7}}]},"9":{"line":59,"type":"binary-expr","locations":[{"start":{"line":59,"column":10},"end":{"line":59,"column":38}},{"start":{"line":59,"column":42},"end":{"line":59,"column":56}}]},"10":{"line":63,"type":"if","locations":[{"start":{"line":63,"column":7},"end":{"line":63,"column":7}},{"start":{"line":63,"column":7},"end":{"line":63,"column":7}}]},"11":{"line":77,"type":"if","locations":[{"start":{"line":77,"column":2},"end":{"line":77,"column":2}},{"start":{"line":77,"column":2},"end":{"line":77,"column":2}}]},"12":{"line":84,"type":"if","locations":[{"start":{"line":84,"column":3},"end":{"line":84,"column":3}},{"start":{"line":84,"column":3},"end":{"line":84,"column":3}}]}}},"/var/www/html/rovercore-transfer/rovercore-s/modules/Protolobe/Protolobe.js":{"path":"/var/www/html/rovercore-transfer/rovercore-s/modules/Protolobe/Protolobe.js","s":{"1":1,"2":2,"3":2,"4":2,"5":2,"6":2,"7":2,"8":2,"9":2,"10":2,"11":10,"12":10,"13":10,"14":2,"15":2,"16":2,"17":3,"18":3,"19":3,"20":3,"21":3,"22":3,"23":3,"24":1},"b":{},"f":{"1":2,"2":10,"3":2,"4":3,"5":3},"fnMap":{"1":{"name":"(anonymous_1)","line":7,"loc":{"start":{"line":7,"column":12},"end":{"line":8,"column":1}}},"2":{"name":"(anonymous_2)","line":64,"loc":{"start":{"line":64,"column":6},"end":{"line":65,"column":1}}},"3":{"name":"(anonymous_3)","line":77,"loc":{"start":{"line":77,"column":5},"end":{"line":78,"column":1}}},"4":{"name":"(anonymous_4)","line":89,"loc":{"start":{"line":89,"column":7},"end":{"line":90,"column":1}}},"5":{"name":"(anonymous_5)","line":100,"loc":{"start":{"line":100,"column":5},"end":{"line":101,"column":1}}}},"statementMap":{"1":{"start":{"line":3,"column":0},"end":{"line":3,"column":34}},"2":{"start":{"line":13,"column":2},"end":{"line":13,"column":14}},"3":{"start":{"line":15,"column":2},"end":{"line":15,"column":24}},"4":{"start":{"line":22,"column":2},"end":{"line":22,"column":32}},"5":{"start":{"line":30,"column":2},"end":{"line":30,"column":22}},"6":{"start":{"line":31,"column":2},"end":{"line":31,"column":28}},"7":{"start":{"line":36,"column":2},"end":{"line":36,"column":27}},"8":{"start":{"line":46,"column":2},"end":{"line":46,"column":26}},"9":{"start":{"line":50,"column":2},"end":{"line":50,"column":28}},"10":{"start":{"line":54,"column":2},"end":{"line":54,"column":32}},"11":{"start":{"line":66,"column":2},"end":{"line":66,"column":52}},"12":{"start":{"line":67,"column":2},"end":{"line":67,"column":50}},"13":{"start":{"line":68,"column":2},"end":{"line":68,"column":14}},"14":{"start":{"line":79,"column":2},"end":{"line":79,"column":42}},"15":{"start":{"line":80,"column":2},"end":{"line":80,"column":40}},"16":{"start":{"line":81,"column":2},"end":{"line":81,"column":14}},"17":{"start":{"line":91,"column":2},"end":{"line":91,"column":43}},"18":{"start":{"line":92,"column":2},"end":{"line":92,"column":41}},"19":{"start":{"line":93,"column":2},"end":{"line":93,"column":52}},"20":{"start":{"line":94,"column":2},"end":{"line":94,"column":14}},"21":{"start":{"line":102,"column":2},"end":{"line":102,"column":41}},"22":{"start":{"line":103,"column":2},"end":{"line":103,"column":39}},"23":{"start":{"line":104,"column":2},"end":{"line":104,"column":14}},"24":{"start":{"line":108,"column":0},"end":{"line":108,"column":27}}},"branchMap":{}},"/var/www/html/rovercore-transfer/rovercore-s/modules/RandomSineWave/RandomSineWave.js":{"path":"/var/www/html/rovercore-transfer/rovercore-s/modules/RandomSineWave/RandomSineWave.js","s":{"1":1,"2":1,"3":1,"4":1,"5":1,"6":1,"7":1,"8":1,"9":1,"10":1,"11":1,"12":1,"13":1,"14":1,"15":1,"16":1,"17":1,"18":6,"19":6,"20":6,"21":6,"22":1},"b":{},"f":{"1":1},"fnMap":{"1":{"name":"(anonymous_1)","line":7,"loc":{"start":{"line":7,"column":12},"end":{"line":8,"column":1}}}},"statementMap":{"1":{"start":{"line":3,"column":0},"end":{"line":3,"column":34}},"2":{"start":{"line":13,"column":2},"end":{"line":13,"column":14}},"3":{"start":{"line":15,"column":2},"end":{"line":15,"column":24}},"4":{"start":{"line":22,"column":2},"end":{"line":22,"column":32}},"5":{"start":{"line":30,"column":2},"end":{"line":30,"column":22}},"6":{"start":{"line":31,"column":2},"end":{"line":31,"column":28}},"7":{"start":{"line":36,"column":2},"end":{"line":36,"column":27}},"8":{"start":{"line":46,"column":2},"end":{"line":46,"column":26}},"9":{"start":{"line":50,"column":2},"end":{"line":50,"column":32}},"10":{"start":{"line":54,"column":2},"end":{"line":54,"column":15}},"11":{"start":{"line":55,"column":2},"end":{"line":55,"column":24}},"12":{"start":{"line":56,"column":2},"end":{"line":56,"column":15}},"13":{"start":{"line":57,"column":2},"end":{"line":57,"column":20}},"14":{"start":{"line":58,"column":2},"end":{"line":58,"column":27}},"15":{"start":{"line":59,"column":2},"end":{"line":59,"column":21}},"16":{"start":{"line":61,"column":2},"end":{"line":61,"column":38}},"17":{"start":{"line":62,"column":2},"end":{"line":71,"column":18}},"18":{"start":{"line":65,"column":3},"end":{"line":65,"column":35}},"19":{"start":{"line":67,"column":3},"end":{"line":67,"column":63}},"20":{"start":{"line":68,"column":3},"end":{"line":68,"column":35}},"21":{"start":{"line":70,"column":3},"end":{"line":70,"column":40}},"22":{"start":{"line":75,"column":0},"end":{"line":75,"column":32}}},"branchMap":{}}}