TN:
SF:/var/www/html/rovercore-transfer/rovercore-s/Gruntfile.js
FN:1,(anonymous_0)
FNF:1
FNH:1
FNDA:1,(anonymous_0)
DA:1,1
DA:3,1
DA:4,1
DA:6,1
DA:61,1
DA:62,1
DA:63,1
LF:7
LH:7
BRF:0
BRH:0
end_of_record
TN:
SF:/var/www/html/rovercore-transfer/rovercore-s/modules/Cortex.js
FN:5,(anonymous_0)
FN:29,(anonymous_1)
FN:33,(anonymous_2)
FN:58,(anonymous_3)
FN:68,(anonymous_4)
FN:70,(anonymous_5)
FN:119,(anonymous_6)
FN:124,(anonymous_7)
FN:132,(anonymous_8)
FN:138,(anonymous_9)
FN:158,(anonymous_10)
FN:187,(anonymous_11)
FN:195,(anonymous_12)
FN:208,(anonymous_13)
FN:215,(anonymous_14)
FN:256,(anonymous_15)
FN:267,(anonymous_16)
FN:286,(anonymous_17)
FN:314,(anonymous_18)
FN:350,(anonymous_19)
FN:355,getDirectories
FN:357,(anonymous_21)
FN:369,(anonymous_22)
FNF:23
FNH:18
FNDA:1,(anonymous_0)
FNDA:1,(anonymous_1)
FNDA:7,(anonymous_2)
FNDA:0,(anonymous_3)
FNDA:3,(anonymous_4)
FNDA:23,(anonymous_5)
FNDA:100,(anonymous_6)
FNDA:99,(anonymous_7)
FNDA:10,(anonymous_8)
FNDA:10,(anonymous_9)
FNDA:100,(anonymous_10)
FNDA:0,(anonymous_11)
FNDA:0,(anonymous_12)
FNDA:0,(anonymous_13)
FNDA:0,(anonymous_14)
FNDA:100,(anonymous_15)
FNDA:3,(anonymous_16)
FNDA:6,(anonymous_17)
FNDA:1,(anonymous_18)
FNDA:1,(anonymous_19)
FNDA:1,getDirectories
FNDA:4,(anonymous_21)
FNDA:1,(anonymous_22)
DA:7,1
DA:8,1
DA:9,1
DA:10,1
DA:11,1
DA:12,1
DA:13,1
DA:14,1
DA:15,1
DA:16,1
DA:20,1
DA:21,1
DA:22,1
DA:23,1
DA:24,1
DA:26,1
DA:28,1
DA:29,1
DA:31,1
DA:32,1
DA:33,1
DA:35,7
DA:37,7
DA:39,7
DA:41,0
DA:45,7
DA:50,0
DA:55,0
DA:58,1
DA:60,0
DA:61,0
DA:62,0
DA:68,1
DA:70,3
DA:72,23
DA:74,23
DA:77,32
DA:79,9
DA:83,23
DA:86,23
DA:93,3
DA:96,1
DA:100,1
DA:101,1
DA:102,1
DA:104,1
DA:105,1
DA:107,1
DA:109,0
DA:114,1
DA:118,1
DA:119,1
DA:121,100
DA:122,100
DA:124,100
DA:126,99
DA:130,1
DA:134,10
DA:135,10
DA:136,10
DA:138,10
DA:140,10
DA:142,10
DA:143,10
DA:147,0
DA:148,0
DA:149,0
DA:155,0
DA:160,100
DA:161,100
DA:163,100
DA:165,1
DA:168,1
DA:170,99
DA:172,8
DA:175,8
DA:178,100
DA:180,9
DA:189,0
DA:197,0
DA:199,0
DA:201,0
DA:202,0
DA:203,0
DA:210,0
DA:211,0
DA:217,0
DA:219,0
DA:221,0
DA:223,0
DA:225,0
DA:258,100
DA:260,100
DA:261,100
DA:263,27
DA:269,3
DA:271,3
DA:274,1
DA:275,1
DA:277,1
DA:278,1
DA:280,1
DA:281,1
DA:288,6
DA:291,3
DA:292,3
DA:296,3
DA:300,3
DA:301,3
DA:303,0
DA:304,0
DA:306,0
DA:307,0
DA:310,0
DA:311,0
DA:316,1
DA:319,1
DA:321,1
DA:323,1
DA:325,1
DA:326,1
DA:335,1
DA:338,1
DA:340,1
DA:342,1
DA:347,0
DA:352,1
DA:353,1
DA:357,1
DA:359,4
DA:362,1
DA:364,1
DA:366,1
DA:369,1
DA:371,1
DA:374,1
DA:376,0
DA:377,0
DA:379,1
DA:381,1
DA:383,1
DA:384,1
DA:386,1
DA:391,1
LF:144
LH:111
BRDA:16,0,0,1
BRDA:16,0,1,1
BRDA:37,1,0,7
BRDA:37,1,1,0
BRDA:37,2,0,7
BRDA:37,2,1,7
BRDA:39,3,0,0
BRDA:39,3,1,7
BRDA:77,4,0,9
BRDA:77,4,1,23
BRDA:107,5,0,0
BRDA:107,5,1,1
BRDA:136,6,0,10
BRDA:136,6,1,0
BRDA:163,7,0,1
BRDA:163,7,1,99
BRDA:170,8,0,8
BRDA:170,8,1,91
BRDA:178,9,0,9
BRDA:178,9,1,91
BRDA:199,10,0,0
BRDA:199,10,1,0
BRDA:217,11,0,0
BRDA:217,11,1,0
BRDA:221,12,0,0
BRDA:221,12,1,0
BRDA:261,13,0,27
BRDA:261,13,1,73
BRDA:261,14,0,100
BRDA:261,14,1,27
BRDA:271,15,0,1
BRDA:271,15,1,1
BRDA:271,15,2,1
BRDA:288,16,0,3
BRDA:288,16,1,1
BRDA:288,16,2,2
BRDA:288,16,3,3
BRDA:288,16,4,0
BRDA:288,16,5,0
BRDA:288,16,6,0
BRDA:323,17,0,0
BRDA:323,17,1,1
BRDA:364,18,0,1
BRDA:364,18,1,0
BRDA:374,19,0,0
BRDA:374,19,1,1
BRDA:383,20,0,0
BRDA:383,20,1,1
BRF:48
BRH:31
end_of_record
TN:
SF:/var/www/html/rovercore-transfer/rovercore-s/modules/Neuron.js
FN:8,(anonymous_0)
FN:23,(anonymous_1)
FN:38,(anonymous_2)
FN:53,(anonymous_3)
FN:69,(anonymous_4)
FNF:5
FNH:5
FNDA:4,(anonymous_0)
FNDA:4,(anonymous_1)
FNDA:5,(anonymous_2)
FNDA:12,(anonymous_3)
FNDA:29,(anonymous_4)
DA:3,1
DA:4,1
DA:10,4
DA:14,1
DA:16,3
DA:17,3
DA:18,3
DA:19,3
DA:20,3
DA:21,3
DA:25,4
DA:26,4
DA:29,3
DA:30,3
DA:32,3
DA:34,3
DA:36,4
DA:40,5
DA:41,5
DA:44,4
DA:45,4
DA:47,4
DA:49,4
DA:51,5
DA:55,12
DA:56,12
DA:58,1
DA:59,1
DA:60,1
DA:62,11
DA:64,10
DA:65,10
DA:67,12
DA:71,29
DA:72,29
DA:75,28
DA:77,3
DA:78,3
DA:79,3
DA:83,25
DA:86,29
DA:90,1
DA:91,1
DA:92,1
DA:93,1
DA:95,1
LF:46
LH:46
BRDA:10,0,0,1
BRDA:10,0,1,3
BRDA:10,1,0,4
BRDA:10,1,1,4
BRDA:10,1,2,4
BRDA:26,2,0,3
BRDA:26,2,1,1
BRDA:30,3,0,3
BRDA:30,3,1,0
BRDA:41,4,0,4
BRDA:41,4,1,1
BRDA:45,5,0,4
BRDA:45,5,1,0
BRDA:56,6,0,1
BRDA:56,6,1,11
BRDA:62,7,0,10
BRDA:62,7,1,1
BRDA:72,8,0,28
BRDA:72,8,1,1
BRDA:75,9,0,3
BRDA:75,9,1,25
BRF:21
BRH:19
end_of_record
TN:
SF:/var/www/html/rovercore-transfer/rovercore-s/modules/Protolobe/Protolobe.js
FN:7,(anonymous_0)
FN:64,(anonymous_1)
FN:77,(anonymous_2)
FN:89,(anonymous_3)
FN:100,(anonymous_4)
FNF:5
FNH:5
FNDA:2,(anonymous_0)
FNDA:10,(anonymous_1)
FNDA:2,(anonymous_2)
FNDA:3,(anonymous_3)
FNDA:3,(anonymous_4)
DA:3,1
DA:13,2
DA:15,2
DA:22,2
DA:30,2
DA:31,2
DA:36,2
DA:46,2
DA:50,2
DA:54,2
DA:66,10
DA:67,10
DA:68,10
DA:79,2
DA:80,2
DA:81,2
DA:91,3
DA:92,3
DA:93,3
DA:94,3
DA:102,3
DA:103,3
DA:104,3
DA:108,1
LF:24
LH:24
BRF:0
BRH:0
end_of_record
TN:
SF:/var/www/html/rovercore-transfer/rovercore-s/modules/RandomSineWave/RandomSineWave.js
FN:7,(anonymous_0)
FN:62,(anonymous_1)
FNF:2
FNH:2
FNDA:1,(anonymous_0)
FNDA:6,(anonymous_1)
DA:3,1
DA:13,1
DA:15,1
DA:22,1
DA:30,1
DA:31,1
DA:36,1
DA:46,1
DA:50,1
DA:54,1
DA:55,1
DA:56,1
DA:57,1
DA:58,1
DA:59,1
DA:61,1
DA:62,1
DA:65,6
DA:67,6
DA:68,6
DA:70,6
DA:75,1
LF:22
LH:22
BRF:0
BRH:0
end_of_record
TN:
SF:/var/www/html/rovercore-transfer/rovercore-s/utilities/Log.js
FN:9,(anonymous_0)
FN:12,(anonymous_1)
FN:20,(anonymous_2)
FN:38,(anonymous_3)
FN:47,(anonymous_4)
FN:56,(anonymous_5)
FN:65,(anonymous_6)
FN:76,(anonymous_7)
FN:81,(anonymous_8)
FN:90,(anonymous_9)
FN:106,(anonymous_10)
FN:125,(anonymous_11)
FN:136,(anonymous_12)
FNF:13
FNH:10
FNDA:13,(anonymous_0)
FNDA:0,(anonymous_1)
FNDA:35,(anonymous_2)
FNDA:0,(anonymous_3)
FNDA:10,(anonymous_4)
FNDA:0,(anonymous_5)
FNDA:14,(anonymous_6)
FNDA:1,(anonymous_7)
FNDA:1,(anonymous_8)
FNDA:1,(anonymous_9)
FNDA:1,(anonymous_10)
FNDA:3,(anonymous_11)
FNDA:3,(anonymous_12)
DA:3,1
DA:4,1
DA:5,1
DA:11,13
DA:12,13
DA:13,13
DA:14,13
DA:17,13
DA:23,35
DA:24,35
DA:25,35
DA:27,35
DA:28,35
DA:30,35
DA:32,35
DA:34,33
DA:40,0
DA:42,0
DA:43,0
DA:44,0
DA:49,10
DA:51,0
DA:52,0
DA:53,0
DA:58,0
DA:60,0
DA:61,0
DA:62,0
DA:69,14
DA:72,14
DA:78,1
DA:83,1
DA:90,1
DA:92,1
DA:93,1
DA:95,1
DA:97,1
DA:99,1
DA:101,1
DA:103,1
DA:106,1
DA:108,1
DA:110,1
DA:112,1
DA:114,0
DA:118,1
DA:121,1
DA:123,1
DA:125,1
DA:128,3
DA:130,2
DA:131,2
DA:133,1
DA:136,1
DA:139,3
DA:141,2
DA:142,2
DA:144,1
DA:147,1
LF:59
LH:47
BRDA:14,0,0,13
BRDA:14,0,1,13
BRDA:32,1,0,33
BRDA:32,1,1,2
BRDA:40,2,0,0
BRDA:40,2,1,0
BRDA:49,3,0,0
BRDA:49,3,1,10
BRDA:58,4,0,0
BRDA:58,4,1,0
BRDA:69,5,0,14
BRDA:69,5,1,0
BRDA:69,6,0,14
BRDA:69,6,1,14
BRDA:93,7,0,0
BRDA:93,7,1,1
BRDA:108,8,0,1
BRDA:108,8,1,0
BRDA:112,9,0,0
BRDA:112,9,1,1
BRDA:128,10,0,2
BRDA:128,10,1,1
BRDA:139,11,0,2
BRDA:139,11,1,1
BRF:24
BRH:15
end_of_record
TN:
SF:/var/www/html/rovercore-transfer/rovercore-s/utilities/Model.js
FN:14,(anonymous_0)
FN:21,(anonymous_1)
FN:25,(anonymous_2)
FN:33,(anonymous_3)
FN:56,(anonymous_4)
FN:67,(anonymous_5)
FNF:6
FNH:6
FNDA:4,(anonymous_0)
FNDA:32,(anonymous_1)
FNDA:11,(anonymous_2)
FNDA:17,(anonymous_3)
FNDA:4,(anonymous_4)
FNDA:3,(anonymous_5)
DA:17,4
DA:18,4
DA:19,4
DA:23,32
DA:27,11
DA:31,11
DA:35,17
DA:37,17
DA:42,17
DA:46,17
DA:48,17
DA:49,17
DA:53,0
DA:58,4
DA:60,4
DA:64,0
DA:69,3
DA:71,1
DA:75,2
DA:76,2
DA:78,4
DA:81,1
DA:84,2
DA:89,1
LF:24
LH:22
BRDA:35,0,0,17
BRDA:35,0,1,0
BRDA:58,1,0,4
BRDA:58,1,1,0
BRDA:69,2,0,1
BRDA:69,2,1,2
BRDA:69,3,0,3
BRDA:69,3,1,2
BRDA:78,4,0,1
BRDA:78,4,1,3
BRF:10
BRH:8
end_of_record
