TN:
SF:/var/www/html/rovercore-transfer/rovercore-s/Gruntfile.js
FN:1,(anonymous_0)
FNF:1
FNH:1
FNDA:1,(anonymous_0)
DA:1,1
DA:3,1
DA:4,1
DA:6,1
DA:52,1
DA:53,1
DA:54,1
LF:7
LH:7
BRF:0
BRH:0
end_of_record
TN:
SF:/var/www/html/rovercore-transfer/rovercore-s/modules/Cortex.js
FN:5,(anonymous_0)
FN:29,(anonymous_1)
FN:33,(anonymous_2)
FN:58,(anonymous_3)
FN:68,(anonymous_4)
FN:70,(anonymous_5)
FN:117,(anonymous_6)
FN:123,(anonymous_7)
FN:129,(anonymous_8)
FN:149,(anonymous_9)
FN:178,(anonymous_10)
FN:186,(anonymous_11)
FN:199,(anonymous_12)
FN:206,(anonymous_13)
FN:247,(anonymous_14)
FN:258,(anonymous_15)
FN:277,(anonymous_16)
FN:305,(anonymous_17)
FN:341,(anonymous_18)
FN:346,getDirectories
FN:348,(anonymous_20)
FN:360,(anonymous_21)
FNF:22
FNH:17
FNDA:1,(anonymous_0)
FNDA:1,(anonymous_1)
FNDA:7,(anonymous_2)
FNDA:0,(anonymous_3)
FNDA:3,(anonymous_4)
FNDA:23,(anonymous_5)
FNDA:99,(anonymous_6)
FNDA:10,(anonymous_7)
FNDA:10,(anonymous_8)
FNDA:99,(anonymous_9)
FNDA:0,(anonymous_10)
FNDA:0,(anonymous_11)
FNDA:0,(anonymous_12)
FNDA:0,(anonymous_13)
FNDA:99,(anonymous_14)
FNDA:3,(anonymous_15)
FNDA:6,(anonymous_16)
FNDA:1,(anonymous_17)
FNDA:1,(anonymous_18)
FNDA:1,getDirectories
FNDA:4,(anonymous_20)
FNDA:1,(anonymous_21)
DA:7,1
DA:8,1
DA:9,1
DA:10,1
DA:11,1
DA:12,1
DA:13,1
DA:14,1
DA:15,1
DA:16,1
DA:20,1
DA:21,1
DA:22,1
DA:23,1
DA:24,1
DA:26,1
DA:28,1
DA:29,1
DA:31,1
DA:32,1
DA:33,1
DA:35,7
DA:37,7
DA:39,7
DA:41,0
DA:45,7
DA:50,0
DA:55,0
DA:58,1
DA:60,0
DA:61,0
DA:62,0
DA:68,1
DA:70,3
DA:72,23
DA:74,23
DA:76,32
DA:78,9
DA:82,23
DA:85,23
DA:92,3
DA:95,1
DA:99,1
DA:100,1
DA:101,1
DA:103,1
DA:104,1
DA:106,1
DA:108,0
DA:113,1
DA:117,1
DA:119,99
DA:120,99
DA:125,10
DA:126,10
DA:127,10
DA:129,10
DA:131,10
DA:133,10
DA:134,10
DA:138,0
DA:139,0
DA:140,0
DA:146,0
DA:151,99
DA:152,99
DA:154,99
DA:156,1
DA:159,1
DA:161,98
DA:163,8
DA:166,8
DA:169,99
DA:171,9
DA:180,0
DA:188,0
DA:190,0
DA:192,0
DA:193,0
DA:194,0
DA:201,0
DA:202,0
DA:208,0
DA:210,0
DA:212,0
DA:214,0
DA:216,0
DA:249,99
DA:251,99
DA:252,99
DA:254,26
DA:260,3
DA:262,3
DA:265,1
DA:266,1
DA:268,1
DA:269,1
DA:271,1
DA:272,1
DA:279,6
DA:282,3
DA:283,3
DA:287,3
DA:291,3
DA:292,3
DA:294,0
DA:295,0
DA:297,0
DA:298,0
DA:301,0
DA:302,0
DA:307,1
DA:310,1
DA:312,1
DA:314,1
DA:316,1
DA:317,1
DA:326,1
DA:329,1
DA:331,1
DA:333,1
DA:338,0
DA:343,1
DA:344,1
DA:348,1
DA:350,4
DA:353,1
DA:355,1
DA:357,1
DA:360,1
DA:362,1
DA:365,1
DA:367,0
DA:368,0
DA:370,1
DA:372,1
DA:374,1
DA:375,1
DA:377,1
DA:382,1
LF:140
LH:107
BRDA:16,0,0,1
BRDA:16,0,1,1
BRDA:37,1,0,7
BRDA:37,1,1,0
BRDA:37,2,0,7
BRDA:37,2,1,7
BRDA:39,3,0,0
BRDA:39,3,1,7
BRDA:76,4,0,9
BRDA:76,4,1,23
BRDA:106,5,0,0
BRDA:106,5,1,1
BRDA:127,6,0,10
BRDA:127,6,1,0
BRDA:154,7,0,1
BRDA:154,7,1,98
BRDA:161,8,0,8
BRDA:161,8,1,90
BRDA:169,9,0,9
BRDA:169,9,1,90
BRDA:190,10,0,0
BRDA:190,10,1,0
BRDA:208,11,0,0
BRDA:208,11,1,0
BRDA:212,12,0,0
BRDA:212,12,1,0
BRDA:252,13,0,26
BRDA:252,13,1,73
BRDA:252,14,0,99
BRDA:252,14,1,26
BRDA:262,15,0,1
BRDA:262,15,1,1
BRDA:262,15,2,1
BRDA:279,16,0,3
BRDA:279,16,1,1
BRDA:279,16,2,2
BRDA:279,16,3,3
BRDA:279,16,4,0
BRDA:279,16,5,0
BRDA:279,16,6,0
BRDA:314,17,0,0
BRDA:314,17,1,1
BRDA:355,18,0,1
BRDA:355,18,1,0
BRDA:365,19,0,0
BRDA:365,19,1,1
BRDA:374,20,0,0
BRDA:374,20,1,1
BRF:48
BRH:31
end_of_record
TN:
SF:/var/www/html/rovercore-transfer/rovercore-s/modules/Neuron.js
FN:4,(anonymous_0)
FN:19,(anonymous_1)
FN:36,(anonymous_2)
FN:53,(anonymous_3)
FN:75,(anonymous_4)
FNF:5
FNH:5
FNDA:4,(anonymous_0)
FNDA:4,(anonymous_1)
FNDA:5,(anonymous_2)
FNDA:14,(anonymous_3)
FNDA:28,(anonymous_4)
DA:6,4
DA:10,1
DA:12,3
DA:13,3
DA:14,3
DA:15,3
DA:16,3
DA:17,3
DA:21,4
DA:23,1
DA:28,3
DA:29,3
DA:31,3
DA:33,3
DA:38,5
DA:40,1
DA:45,4
DA:46,4
DA:48,4
DA:50,4
DA:55,14
DA:57,1
DA:59,13
DA:61,2
DA:63,11
DA:65,1
DA:66,1
DA:67,1
DA:71,10
DA:72,10
DA:77,28
DA:79,1
DA:84,27
DA:86,3
DA:87,3
DA:88,3
DA:90,24
DA:95,1
DA:96,1
DA:97,1
DA:98,1
DA:100,1
LF:42
LH:42
BRDA:6,0,0,1
BRDA:6,0,1,3
BRDA:6,1,0,4
BRDA:6,1,1,4
BRDA:6,1,2,4
BRDA:21,2,0,1
BRDA:21,2,1,3
BRDA:29,3,0,3
BRDA:29,3,1,0
BRDA:38,4,0,1
BRDA:38,4,1,4
BRDA:46,5,0,4
BRDA:46,5,1,0
BRDA:55,6,0,1
BRDA:55,6,1,13
BRDA:59,7,0,2
BRDA:59,7,1,11
BRDA:59,8,0,13
BRDA:59,8,1,12
BRDA:63,9,0,1
BRDA:63,9,1,10
BRDA:77,10,0,1
BRDA:77,10,1,27
BRDA:84,11,0,3
BRDA:84,11,1,24
BRF:25
BRH:23
end_of_record
TN:
SF:/var/www/html/rovercore-transfer/rovercore-s/modules/Protolobe/Protolobe.js
FN:7,(anonymous_0)
FN:64,(anonymous_1)
FN:77,(anonymous_2)
FN:89,(anonymous_3)
FN:100,(anonymous_4)
FNF:5
FNH:5
FNDA:2,(anonymous_0)
FNDA:10,(anonymous_1)
FNDA:2,(anonymous_2)
FNDA:3,(anonymous_3)
FNDA:3,(anonymous_4)
DA:3,1
DA:13,2
DA:15,2
DA:22,2
DA:30,2
DA:31,2
DA:36,2
DA:46,2
DA:50,2
DA:54,2
DA:66,10
DA:67,10
DA:68,10
DA:79,2
DA:80,2
DA:81,2
DA:91,3
DA:92,3
DA:93,3
DA:94,3
DA:102,3
DA:103,3
DA:104,3
DA:108,1
LF:24
LH:24
BRF:0
BRH:0
end_of_record
TN:
SF:/var/www/html/rovercore-transfer/rovercore-s/modules/RandomSineWave/RandomSineWave.js
FN:7,(anonymous_0)
FN:62,(anonymous_1)
FNF:2
FNH:2
FNDA:1,(anonymous_0)
FNDA:6,(anonymous_1)
DA:3,1
DA:13,1
DA:15,1
DA:22,1
DA:30,1
DA:31,1
DA:36,1
DA:46,1
DA:50,1
DA:54,1
DA:55,1
DA:56,1
DA:57,1
DA:58,1
DA:59,1
DA:61,1
DA:62,1
DA:65,6
DA:67,6
DA:68,6
DA:70,6
DA:75,1
LF:22
LH:22
BRF:0
BRH:0
end_of_record
TN:
SF:/var/www/html/rovercore-transfer/rovercore-s/utilities/Log.js
FN:9,(anonymous_0)
FN:12,(anonymous_1)
FN:20,(anonymous_2)
FN:38,(anonymous_3)
FN:47,(anonymous_4)
FN:56,(anonymous_5)
FN:65,(anonymous_6)
FN:76,(anonymous_7)
FN:81,(anonymous_8)
FN:90,(anonymous_9)
FN:106,(anonymous_10)
FN:125,(anonymous_11)
FN:136,(anonymous_12)
FNF:13
FNH:10
FNDA:13,(anonymous_0)
FNDA:0,(anonymous_1)
FNDA:35,(anonymous_2)
FNDA:0,(anonymous_3)
FNDA:10,(anonymous_4)
FNDA:0,(anonymous_5)
FNDA:14,(anonymous_6)
FNDA:1,(anonymous_7)
FNDA:1,(anonymous_8)
FNDA:1,(anonymous_9)
FNDA:1,(anonymous_10)
FNDA:3,(anonymous_11)
FNDA:3,(anonymous_12)
DA:3,1
DA:4,1
DA:5,1
DA:11,13
DA:12,13
DA:13,13
DA:14,13
DA:17,13
DA:23,35
DA:24,35
DA:25,35
DA:27,35
DA:28,35
DA:30,35
DA:32,35
DA:34,33
DA:40,0
DA:42,0
DA:43,0
DA:44,0
DA:49,10
DA:51,0
DA:52,0
DA:53,0
DA:58,0
DA:60,0
DA:61,0
DA:62,0
DA:69,14
DA:72,14
DA:78,1
DA:83,1
DA:90,1
DA:92,1
DA:93,1
DA:95,1
DA:97,1
DA:99,1
DA:101,1
DA:103,1
DA:106,1
DA:108,1
DA:110,1
DA:112,1
DA:114,0
DA:118,1
DA:121,1
DA:123,1
DA:125,1
DA:128,3
DA:130,2
DA:131,2
DA:133,1
DA:136,1
DA:139,3
DA:141,2
DA:142,2
DA:144,1
DA:147,1
LF:59
LH:47
BRDA:14,0,0,13
BRDA:14,0,1,13
BRDA:32,1,0,33
BRDA:32,1,1,2
BRDA:40,2,0,0
BRDA:40,2,1,0
BRDA:49,3,0,0
BRDA:49,3,1,10
BRDA:58,4,0,0
BRDA:58,4,1,0
BRDA:69,5,0,14
BRDA:69,5,1,0
BRDA:69,6,0,14
BRDA:69,6,1,14
BRDA:93,7,0,0
BRDA:93,7,1,1
BRDA:108,8,0,1
BRDA:108,8,1,0
BRDA:112,9,0,0
BRDA:112,9,1,1
BRDA:128,10,0,2
BRDA:128,10,1,1
BRDA:139,11,0,2
BRDA:139,11,1,1
BRF:24
BRH:15
end_of_record
TN:
SF:/var/www/html/rovercore-transfer/rovercore-s/utilities/Model.js
FN:14,(anonymous_0)
FN:21,(anonymous_1)
FN:25,(anonymous_2)
FN:33,(anonymous_3)
FN:56,(anonymous_4)
FN:67,(anonymous_5)
FNF:6
FNH:6
FNDA:4,(anonymous_0)
FNDA:32,(anonymous_1)
FNDA:11,(anonymous_2)
FNDA:17,(anonymous_3)
FNDA:4,(anonymous_4)
FNDA:3,(anonymous_5)
DA:17,4
DA:18,4
DA:19,4
DA:23,32
DA:27,11
DA:31,11
DA:35,17
DA:37,17
DA:42,17
DA:46,17
DA:48,17
DA:49,17
DA:53,0
DA:58,4
DA:60,4
DA:64,0
DA:69,3
DA:71,1
DA:75,2
DA:76,2
DA:78,4
DA:81,1
DA:84,2
DA:89,1
LF:24
LH:22
BRDA:35,0,0,17
BRDA:35,0,1,0
BRDA:58,1,0,4
BRDA:58,1,1,0
BRDA:69,2,0,1
BRDA:69,2,1,2
BRDA:69,3,0,3
BRDA:69,3,1,3
BRDA:78,4,0,1
BRDA:78,4,1,3
BRF:10
BRH:8
end_of_record
